c:\users\hanss\documents\visual studio projects\starfall dll\starfall\x64\release\starfall.pch
c:\users\hanss\documents\visual studio projects\starfall dll\starfall\x64\release\vc143.pdb
c:\users\hanss\documents\visual studio projects\starfall dll\starfall\x64\release\pch.obj
c:\users\hanss\documents\visual studio projects\starfall dll\starfall\x64\release\url.obj
c:\users\hanss\documents\visual studio projects\starfall dll\starfall\x64\release\ue.obj
c:\users\hanss\documents\visual studio projects\starfall dll\starfall\x64\release\request.obj
c:\users\hanss\documents\visual studio projects\starfall dll\starfall\x64\release\redirection.obj
c:\users\hanss\documents\visual studio projects\starfall dll\starfall\x64\release\hooking.obj
c:\users\hanss\documents\visual studio projects\starfall dll\starfall\x64\release\exit.obj
c:\users\hanss\documents\visual studio projects\starfall dll\starfall\x64\release\dllmain.obj
c:\users\hanss\documents\visual studio projects\starfall dll\starfall\x64\release\base.obj
c:\users\hanss\documents\visual studio projects\starfall dll\x64\release\starfall.dll
c:\users\hanss\documents\visual studio projects\starfall dll\x64\release\starfall.pdb
c:\users\hanss\documents\visual studio projects\starfall dll\starfall\x64\release\starfall.ipdb
c:\users\hanss\documents\visual studio projects\starfall dll\starfall\x64\release\starfall.iobj
c:\users\hanss\documents\visual studio projects\starfall dll\starfall\x64\release\starfall.tlog\cl.command.1.tlog
c:\users\hanss\documents\visual studio projects\starfall dll\starfall\x64\release\starfall.tlog\cl.items.tlog
c:\users\hanss\documents\visual studio projects\starfall dll\starfall\x64\release\starfall.tlog\cl.read.1.tlog
c:\users\hanss\documents\visual studio projects\starfall dll\starfall\x64\release\starfall.tlog\cl.write.1.tlog
c:\users\hanss\documents\visual studio projects\starfall dll\starfall\x64\release\starfall.tlog\link.command.1.tlog
c:\users\hanss\documents\visual studio projects\starfall dll\starfall\x64\release\starfall.tlog\link.read.1.tlog
c:\users\hanss\documents\visual studio projects\starfall dll\starfall\x64\release\starfall.tlog\link.secondary.1.tlog
c:\users\hanss\documents\visual studio projects\starfall dll\starfall\x64\release\starfall.tlog\link.write.1.tlog
